03:35 ~/study-linux [main]
$ demand-paging/capture-mac.sh
Sun Dec  7 03:35:06 JST 2025: 410820576   8624      -      -
Sun Dec  7 03:35:07 JST 2025: 410820576   8624      -      -
Sun Dec  7 03:35:08 JST 2025: 410820576   8624      -      -
Sun Dec  7 03:35:09 JST 2025: 410931168   8688      -      -
Sun Dec  7 03:35:10 JST 2025: 410931168   8688      -      -
Sun Dec  7 03:35:11 JST 2025: 410931168   8688      -      -
Sun Dec  7 03:35:12 JST 2025: 410939360  19008      -      -
Sun Dec  7 03:35:13 JST 2025: 410939360  29248      -      -
Sun Dec  7 03:35:14 JST 2025: 410947552  39536      -      -
Sun Dec  7 03:35:15 JST 2025: 410947552  49776      -      -
Sun Dec  7 03:35:16 JST 2025: 410947552  60016      -      -
Sun Dec  7 03:35:17 JST 2025: 410947552  70256      -      -
Sun Dec  7 03:35:18 JST 2025: 410947552  80496      -      -
Sun Dec  7 03:35:19 JST 2025: 410955744  90768      -      -
Sun Dec  7 03:35:20 JST 2025: 410955744 101008      -      -
Sun Dec  7 03:35:21 JST 2025: 410955744 111248      -      -
Sun Dec  7 03:35:22 JST 2025: 410955744 111248      -      -
Sun Dec  7 03:35:23 JST 2025:
Sun Dec  7 03:35:24 JST 2025:
Sun Dec  7 03:35:26 JST 2025:
^C
