(.venv) yamakuratakuya@colima:/Users/yamakuratakuya/study-linux$ ./demand-paging/demand-paging.py
03:22:05: PAGE_SIZE: 4096
03:22:05: 新規メモリ領域獲得前。Enterキーを押すと100MiBの新規メモリ領域を獲得します:

03:22:54: 新規メモリ領域を獲得しました。Enterキーを押すと1秒に10MiBずつ、合計100MiBの新規メモリ領域にアクセスします:

03:22:56: 10MiBアクセスしました。
03:22:57: 20MiBアクセスしました。
03:22:58: 30MiBアクセスしました。
03:22:59: 40MiBアクセスしました。
03:23:00: 50MiBアクセスしました。
03:23:01: 60MiBアクセスしました。
03:23:02: 70MiBアクセスしました。
03:23:03: 80MiBアクセスしました。
03:23:05: 90MiBアクセスしました。
03:23:06: 新規獲得したメモリ領域の全てにアクセスしました。Enterキーを押すと終了します:

------------------------------------------

yamakuratakuya@colima:/Users/yamakuratakuya/study-linux$ ./capture.sh
Sun Dec  7 03:22:50 JST 2025:  14644  8448      0    897
Sun Dec  7 03:22:51 JST 2025:  14644  8448      0    897
Sun Dec  7 03:22:52 JST 2025:  14644  8448      0    897
Sun Dec  7 03:22:53 JST 2025:  14644  8448      0    897
Sun Dec  7 03:22:54 JST 2025: 117044  8448      0    897
Sun Dec  7 03:22:55 JST 2025: 117044  8448      0    897
Sun Dec  7 03:22:56 JST 2025: 117044  8448      0    897
Sun Dec  7 03:22:57 JST 2025: 117044 18688      0   3458
Sun Dec  7 03:22:58 JST 2025: 117044 28928      0   6018
Sun Dec  7 03:22:59 JST 2025: 117044 39168      0   8578
Sun Dec  7 03:23:00 JST 2025: 117044 49408      0  11138
Sun Dec  7 03:23:01 JST 2025: 117044 59648      0  13698
Sun Dec  7 03:23:02 JST 2025: 117044 69888      0  16258
Sun Dec  7 03:23:03 JST 2025: 117044 80128      0  18818
Sun Dec  7 03:23:04 JST 2025: 117044 90368      0  21378
Sun Dec  7 03:23:05 JST 2025: 117044 100608     0  23938
Sun Dec  7 03:23:06 JST 2025: 117044 110848     0  26497
Sun Dec  7 03:23:07 JST 2025: 117044 110848     0  26497
Sun Dec  7 03:23:08 JST 2025: 117044 110848     0  26497
Sun Dec  7 03:23:09 JST 2025: 117044 110848     0  26497
Sun Dec  7 03:23:10 JST 2025: demand-paging.pyプロセスは終了しました。
