yamakuratakuya@colima:~$ sar -B 1
Linux 6.8.0-50-generic (colima)         12/07/25        _aarch64_       (10 CPU)

00:28:42     pgpgin/s pgpgout/s   fault/s  majflt/s  pgfree/s pgscank/s pgscand/s pgsteal/s    %vmeff
00:28:43         0.00      0.00      1.00      0.00     30.00      0.00      0.00      0.00      0.00
00:28:44         0.00      0.00      3.96      0.00      7.92      0.00      0.00      0.00      0.00
00:28:45         0.00      0.00   4762.00      0.00   2919.00      0.00      0.00      0.00      0.00
00:28:46         0.00      0.00      2.00      0.00      1.00      0.00      0.00      0.00      0.00
00:28:47         0.00      0.00      0.00      0.00      8.91      0.00      0.00      0.00      0.00
00:28:48         0.00      0.00    110.00      0.00    201.00      0.00      0.00      0.00      0.00
00:28:49         0.00      0.00   2561.00      0.00      0.00      0.00      0.00      0.00      0.00
00:28:50         0.00      0.00   6196.04      0.00   2644.55      0.00      0.00      0.00      0.00
00:28:51         0.00      0.00   2673.00      0.00    212.00      0.00      0.00      0.00      0.00
00:28:52         0.00      0.00   2560.00      0.00      0.00      0.00      0.00      0.00      0.00
00:28:53         0.00      0.00   2534.65      0.00      0.00      0.00      0.00      0.00      0.00
00:28:54         0.00      0.00   2671.00      0.00    202.00      0.00      0.00      0.00      0.00
00:28:55         0.00      0.00   6318.00      0.00   2691.00      0.00      0.00      0.00      0.00
00:28:56         0.00      0.00   2536.63      0.00      7.92      0.00      0.00      0.00      0.00
00:28:57         0.00      0.00   2644.55      0.00    200.99      0.00      0.00      0.00      0.00
00:28:58         0.00      0.00   2559.00      0.00      0.00      0.00      0.00      0.00      0.00
00:28:59         0.00      0.00      0.00      0.00      0.00      0.00      0.00      0.00      0.00
00:29:00         0.00      0.00   3792.00      0.00   2831.00      0.00      0.00      0.00      0.00
00:29:01         0.00      0.00     40.59      0.00  26174.26      0.00      0.00      0.00      0.00
00:29:02         0.00      0.00      0.00      0.00      0.00      0.00      0.00      0.00      0.00
^C
